{
  "RSpec": {
    "coverage": {
      "/mnt/d/workspace/rails/spatopet_br/app/mailers/password_mailer.rb": {
        "lines": [
          1,
          null,
          1,
          0,
          null,
          null
        ]
      },
      "/mnt/d/workspace/rails/spatopet_br/app/mailers/application_mailer.rb": {
        "lines": [
          1,
          1,
          1,
          null
        ]
      },
      "/mnt/d/workspace/rails/spatopet_br/app/models/appointment.rb": {
        "lines": [
          1,
          1,
          1,
          null,
          null,
          null,
          null,
          null,
          null,
          1,
          1,
          1,
          1,
          1,
          1,
          1,
          null,
          1,
          95,
          1,
          null,
          null,
          1,
          null,
          1,
          null,
          1,
          null,
          1,
          null,
          null,
          1,
          null,
          null,
          null,
          1,
          null,
          1,
          39,
          null,
          null
        ]
      },
      "/mnt/d/workspace/rails/spatopet_br/app/models/application_record.rb": {
        "lines": [
          1,
          1,
          null
        ]
      },
      "/mnt/d/workspace/rails/spatopet_br/app/models/appointment_type.rb": {
        "lines": [
          1,
          1,
          1,
          1,
          63,
          null,
          1,
          null
        ]
      },
      "/mnt/d/workspace/rails/spatopet_br/app/models/city.rb": {
        "lines": [
          1,
          1,
          null
        ]
      },
      "/mnt/d/workspace/rails/spatopet_br/app/models/local.rb": {
        "lines": [
          1,
          1,
          1,
          1,
          null,
          1,
          null
        ]
      },
      "/mnt/d/workspace/rails/spatopet_br/app/models/payment.rb": {
        "lines": [
          1,
          1,
          1,
          1,
          1,
          null,
          1,
          null,
          20,
          20,
          null,
          1,
          null,
          1,
          0,
          null,
          0,
          null,
          null,
          1,
          0,
          null,
          null
        ]
      },
      "/mnt/d/workspace/rails/spatopet_br/app/models/pet.rb": {
        "lines": [
          1,
          1,
          1,
          1,
          1,
          1,
          119,
          1,
          null
        ]
      },
      "/mnt/d/workspace/rails/spatopet_br/app/models/user.rb": {
        "lines": [
          1,
          1,
          1,
          1,
          1,
          1,
          1,
          1,
          1,
          null,
          null,
          null,
          null,
          null,
          1,
          null,
          null,
          null,
          null,
          null,
          1,
          null,
          468,
          233,
          null,
          1,
          0,
          null,
          null,
          1,
          0,
          null,
          null,
          1,
          null,
          1,
          null,
          1,
          3,
          45,
          null,
          null,
          null
        ]
      },
      "/mnt/d/workspace/rails/spatopet_br/app/controllers/appointment_types_controller.rb": {
        "lines": [
          1,
          1,
          1,
          1,
          null,
          null,
          1,
          1,
          null,
          null,
          null,
          1,
          null,
          null,
          null,
          1,
          1,
          null,
          null,
          null,
          1,
          null,
          null,
          null,
          1,
          4,
          null,
          4,
          4,
          4,
          2,
          null,
          4,
          2,
          null,
          null,
          null,
          null,
          null,
          1,
          3,
          3,
          4,
          2,
          null,
          2,
          1,
          null,
          null,
          null,
          null,
          null,
          1,
          2,
          null,
          2,
          4,
          2,
          null,
          null,
          null,
          1,
          null,
          1,
          7,
          null,
          null,
          null,
          1,
          7,
          null,
          null
        ]
      },
      "/mnt/d/workspace/rails/spatopet_br/app/controllers/application_controller.rb": {
        "lines": [
          1,
          1,
          1,
          1,
          1,
          null,
          1,
          0,
          0,
          null,
          null,
          null
        ]
      },
      "/mnt/d/workspace/rails/spatopet_br/app/controllers/concerns/authorization.rb": {
        "lines": [
          1,
          1,
          null,
          1,
          1,
          null,
          1,
          0,
          null,
          null,
          1,
          null,
          1,
          38,
          38,
          38,
          null,
          null,
          null
        ]
      },
      "/mnt/d/workspace/rails/spatopet_br/app/controllers/concerns/language.rb": {
        "lines": [
          1,
          1,
          null,
          1,
          1,
          null,
          1,
          0,
          null,
          null,
          1,
          null,
          1,
          0,
          null,
          null,
          1,
          0,
          null,
          null,
          1,
          79,
          null,
          null,
          1,
          0,
          null,
          null,
          null
        ]
      },
      "/mnt/d/workspace/rails/spatopet_br/app/controllers/appointments_controller.rb": {
        "lines": [
          1,
          1,
          null,
          1,
          null,
          null,
          1,
          1,
          null,
          null,
          null,
          1,
          1,
          null,
          null,
          null,
          1,
          1,
          1,
          1,
          1,
          1,
          1,
          null,
          null,
          null,
          1,
          1,
          null,
          null,
          null,
          1,
          4,
          4,
          null,
          4,
          4,
          4,
          2,
          null,
          2,
          2,
          4,
          2,
          null,
          null,
          null,
          null,
          null,
          1,
          3,
          3,
          4,
          null,
          1,
          1,
          2,
          null,
          null,
          null,
          null,
          null,
          1,
          2,
          null,
          2,
          4,
          2,
          null,
          null,
          null,
          1,
          0,
          0,
          null,
          0,
          null,
          null,
          null,
          1,
          0,
          0,
          null,
          null,
          1,
          0,
          0,
          null,
          0,
          null,
          0,
          null,
          0,
          0,
          0,
          0,
          null,
          null,
          1,
          0,
          0,
          0,
          null,
          0,
          null,
          0,
          0,
          0,
          0,
          null,
          null,
          1,
          null,
          null,
          1,
          7,
          null,
          null,
          null,
          1,
          7,
          null,
          null,
          null,
          null,
          null,
          null,
          null,
          1,
          1,
          null,
          null
        ]
      },
      "/mnt/d/workspace/rails/spatopet_br/app/controllers/cities_controller.rb": {
        "lines": [
          1,
          1,
          1,
          1,
          null,
          null,
          1,
          1,
          null,
          null,
          null,
          1,
          null,
          null,
          null,
          1,
          1,
          null,
          null,
          null,
          1,
          null,
          null,
          null,
          1,
          4,
          null,
          4,
          4,
          4,
          2,
          null,
          4,
          2,
          null,
          null,
          null,
          null,
          null,
          1,
          3,
          3,
          4,
          2,
          null,
          2,
          1,
          null,
          null,
          null,
          null,
          null,
          1,
          2,
          null,
          2,
          4,
          2,
          null,
          null,
          null,
          1,
          null,
          1,
          7,
          null,
          null,
          null,
          1,
          7,
          null,
          null
        ]
      },
      "/mnt/d/workspace/rails/spatopet_br/app/controllers/locals_controller.rb": {
        "lines": [
          1,
          1,
          1,
          1,
          null,
          null,
          1,
          1,
          null,
          null,
          null,
          1,
          1,
          1,
          null,
          null,
          null,
          1,
          1,
          null,
          null,
          null,
          1,
          null,
          null,
          null,
          1,
          4,
          null,
          4,
          4,
          4,
          2,
          null,
          4,
          2,
          null,
          null,
          null,
          null,
          null,
          1,
          3,
          3,
          4,
          2,
          null,
          2,
          1,
          null,
          null,
          null,
          null,
          null,
          1,
          2,
          null,
          2,
          4,
          2,
          null,
          null,
          null,
          1,
          null,
          1,
          7,
          null,
          null,
          null,
          1,
          7,
          null,
          null
        ]
      },
      "/mnt/d/workspace/rails/spatopet_br/app/controllers/payments_controller.rb": {
        "lines": [
          1,
          null,
          1,
          null,
          1,
          null,
          null,
          1,
          1,
          null,
          null,
          null,
          1,
          null,
          null,
          null,
          1,
          1,
          null,
          null,
          null,
          1,
          null,
          null,
          null,
          null,
          1,
          4,
          null,
          4,
          4,
          4,
          2,
          null,
          4,
          2,
          null,
          null,
          null,
          null,
          null,
          1,
          3,
          3,
          4,
          2,
          null,
          2,
          1,
          null,
          null,
          null,
          null,
          null,
          1,
          2,
          null,
          2,
          4,
          2,
          null,
          null,
          null,
          1,
          null,
          1,
          7,
          null,
          null,
          null,
          1,
          7,
          null,
          null
        ]
      },
      "/mnt/d/workspace/rails/spatopet_br/app/controllers/pets_controller.rb": {
        "lines": [
          1,
          null,
          1,
          1,
          null,
          null,
          1,
          1,
          null,
          null,
          null,
          1,
          null,
          null,
          1,
          1,
          null,
          null,
          null,
          1,
          null,
          null,
          1,
          4,
          null,
          4,
          4,
          4,
          2,
          null,
          4,
          2,
          null,
          null,
          null,
          null,
          null,
          1,
          3,
          3,
          4,
          2,
          null,
          2,
          1,
          null,
          null,
          null,
          null,
          null,
          1,
          2,
          null,
          2,
          4,
          2,
          null,
          null,
          null,
          1,
          0,
          null,
          0,
          0,
          null,
          null,
          null,
          1,
          null,
          null,
          1,
          7,
          null,
          null,
          null,
          1,
          7,
          7,
          null,
          null
        ]
      },
      "/mnt/d/workspace/rails/spatopet_br/app/policies/appointment_type_policy.rb": {
        "lines": [
          1,
          1,
          13,
          null,
          null
        ]
      },
      "/mnt/d/workspace/rails/spatopet_br/app/policies/base_policy.rb": {
        "lines": [
          1,
          1,
          null,
          1,
          38,
          38,
          null,
          null,
          1,
          0,
          null,
          null
        ]
      },
      "/mnt/d/workspace/rails/spatopet_br/app/queries/find_appointments.rb": {
        "lines": [
          1,
          1,
          null,
          1,
          1,
          null,
          null,
          1,
          1,
          1,
          1,
          1,
          null,
          null,
          1,
          null,
          1,
          1,
          null,
          null,
          1,
          1,
          null,
          0,
          null,
          null,
          1,
          1,
          null,
          0,
          null,
          null,
          1,
          1,
          1,
          null,
          null,
          null
        ]
      },
      "/mnt/d/workspace/rails/spatopet_br/app/components/badged_component.rb": {
        "lines": [
          1,
          1,
          null,
          1,
          4,
          null,
          null,
          1,
          4,
          null,
          null,
          1,
          4,
          null,
          null,
          1,
          null,
          1,
          4,
          null,
          null
        ]
      },
      "/mnt/d/workspace/rails/spatopet_br/app/policies/city_policy.rb": {
        "lines": [
          1,
          1,
          13,
          null,
          null
        ]
      },
      "/mnt/d/workspace/rails/spatopet_br/app/controllers/home_controller.rb": {
        "lines": [
          1,
          null,
          1,
          1,
          null,
          1,
          0,
          0,
          0,
          0,
          null,
          0,
          null,
          null,
          null,
          1,
          null,
          null,
          1,
          0,
          0,
          0,
          null,
          0,
          null,
          0,
          null,
          null,
          1,
          0,
          null,
          null
        ]
      },
      "/mnt/d/workspace/rails/spatopet_br/app/models/current.rb": {
        "lines": [
          1,
          1,
          null
        ]
      },
      "/mnt/d/workspace/rails/spatopet_br/app/policies/local_policy.rb": {
        "lines": [
          1,
          1,
          12,
          null,
          null
        ]
      },
      "/mnt/d/workspace/rails/spatopet_br/app/components/color_div_component.rb": {
        "lines": [
          1,
          1,
          null,
          1,
          3,
          null,
          null,
          1,
          3,
          null,
          null,
          1,
          3,
          null,
          null,
          1,
          null,
          1,
          3,
          null,
          null
        ]
      },
      "/mnt/d/workspace/rails/spatopet_br/app/components/city_component.rb": {
        "lines": [
          0,
          0,
          null,
          0,
          0,
          0,
          null,
          0,
          0,
          0,
          null,
          0,
          0,
          0,
          null,
          0,
          0,
          0,
          0,
          null,
          0,
          0,
          0,
          null,
          0,
          null,
          0,
          0,
          0,
          null,
          0,
          0,
          0,
          0
        ],
        "branches": {
        }
      },
      "/mnt/d/workspace/rails/spatopet_br/app/controllers/authentication/password_resets_controller.rb": {
        "lines": [
          0,
          0,
          null,
          0,
          0,
          null,
          0,
          0,
          0,
          0,
          0,
          0,
          0,
          0,
          null,
          0,
          0,
          null,
          0,
          0,
          0,
          0,
          0,
          0,
          0,
          null,
          0,
          null,
          0,
          0,
          0,
          0,
          0,
          0,
          null,
          0,
          0,
          0,
          0,
          0
        ],
        "branches": {
        }
      },
      "/mnt/d/workspace/rails/spatopet_br/app/controllers/authentication/passwords_controller.rb": {
        "lines": [
          0,
          null,
          0,
          0,
          null,
          0,
          0,
          0,
          0,
          0,
          0,
          0,
          null,
          0,
          null,
          0,
          0,
          0,
          0,
          0,
          0,
          0,
          0
        ],
        "branches": {
        }
      },
      "/mnt/d/workspace/rails/spatopet_br/app/controllers/authentication/sessions_controller.rb": {
        "lines": [
          0,
          0,
          null,
          0,
          null,
          0,
          0,
          0,
          0,
          0,
          null,
          0,
          0,
          0,
          0,
          0,
          null,
          0,
          0,
          0,
          0,
          0
        ],
        "branches": {
        }
      },
      "/mnt/d/workspace/rails/spatopet_br/app/controllers/authentication/users_controller.rb": {
        "lines": [
          0,
          null,
          0,
          null,
          0,
          0,
          0,
          null,
          0,
          0,
          0,
          0,
          0,
          0,
          0,
          0,
          null,
          0,
          0,
          null,
          0,
          0,
          0,
          0,
          0,
          0,
          0,
          0,
          null,
          0,
          null,
          0,
          0,
          0,
          null,
          0,
          0,
          0,
          0,
          0,
          0,
          0,
          0,
          0,
          0
        ],
        "branches": {
        }
      },
      "/mnt/d/workspace/rails/spatopet_br/app/controllers/concerns/authentication.rb": {
        "lines": [
          0,
          0,
          null,
          0,
          null,
          0,
          null,
          0,
          0,
          0,
          null,
          0,
          0,
          0,
          null,
          0,
          null,
          0,
          0,
          0,
          null,
          0,
          null,
          0,
          0,
          0,
          null,
          0,
          0,
          0,
          0,
          0,
          null,
          0,
          0,
          0,
          0,
          0,
          0
        ],
        "branches": {
        }
      },
      "/mnt/d/workspace/rails/spatopet_br/app/controllers/users_controller.rb": {
        "lines": [
          0,
          0,
          null,
          0,
          0,
          0,
          0,
          0,
          0,
          0,
          0,
          null,
          null,
          0,
          0,
          0,
          null,
          0,
          0,
          0,
          0,
          0,
          null,
          0
        ],
        "branches": {
        }
      },
      "/mnt/d/workspace/rails/spatopet_br/app/helpers/application_helper.rb": {
        "lines": [
          0,
          0,
          0
        ],
        "branches": {
        }
      },
      "/mnt/d/workspace/rails/spatopet_br/app/helpers/appointment_types_helper.rb": {
        "lines": [
          0,
          0
        ],
        "branches": {
        }
      },
      "/mnt/d/workspace/rails/spatopet_br/app/helpers/appointments_helper.rb": {
        "lines": [
          0,
          0
        ],
        "branches": {
        }
      },
      "/mnt/d/workspace/rails/spatopet_br/app/helpers/authentication/password_resets_helper.rb": {
        "lines": [
          0,
          0
        ],
        "branches": {
        }
      },
      "/mnt/d/workspace/rails/spatopet_br/app/helpers/authentication/passwords_helper.rb": {
        "lines": [
          0,
          0
        ],
        "branches": {
        }
      },
      "/mnt/d/workspace/rails/spatopet_br/app/helpers/authentication/sessions_helper.rb": {
        "lines": [
          0,
          0
        ],
        "branches": {
        }
      },
      "/mnt/d/workspace/rails/spatopet_br/app/helpers/authentication/users_helper.rb": {
        "lines": [
          0,
          0
        ],
        "branches": {
        }
      },
      "/mnt/d/workspace/rails/spatopet_br/app/helpers/cities_helper.rb": {
        "lines": [
          0,
          0
        ],
        "branches": {
        }
      },
      "/mnt/d/workspace/rails/spatopet_br/app/helpers/home_helper.rb": {
        "lines": [
          0,
          0
        ],
        "branches": {
        }
      },
      "/mnt/d/workspace/rails/spatopet_br/app/helpers/locals_helper.rb": {
        "lines": [
          0,
          0
        ],
        "branches": {
        }
      },
      "/mnt/d/workspace/rails/spatopet_br/app/helpers/payments_helper.rb": {
        "lines": [
          0,
          0
        ],
        "branches": {
        }
      },
      "/mnt/d/workspace/rails/spatopet_br/app/helpers/pets_helper.rb": {
        "lines": [
          0,
          0
        ],
        "branches": {
        }
      },
      "/mnt/d/workspace/rails/spatopet_br/app/jobs/application_job.rb": {
        "lines": [
          0,
          null,
          null,
          null,
          null,
          null,
          0
        ],
        "branches": {
        }
      },
      "/mnt/d/workspace/rails/spatopet_br/app/mailers/appointment_mailer.rb": {
        "lines": [
          0,
          0,
          0,
          0,
          0,
          0,
          0,
          0
        ],
        "branches": {
        }
      },
      "/mnt/d/workspace/rails/spatopet_br/app/mailers/payment_mailer.rb": {
        "lines": [
          0,
          0,
          0,
          0,
          0,
          null,
          0,
          0,
          0,
          null,
          0,
          0,
          0,
          0,
          0,
          0,
          null,
          0,
          0,
          0,
          0,
          0,
          0,
          0
        ],
        "branches": {
        }
      },
      "/mnt/d/workspace/rails/spatopet_br/app/policies/home_policy.rb": {
        "lines": [
          0,
          0,
          0,
          0,
          0
        ],
        "branches": {
        }
      }
    },
    "timestamp": 1724791975
  }
}
